<?xml version="1.0" encoding="UTF-8"?>
<robot generator="Robot 5.0.1 (Python 3.9.13 on win32)" generated="20220708 11:39:51.862" rpa="false" schemaversion="3">
<suite id="s1" name="Test" source="C:\Users\rafae\Desktop\CTD\Testing\desafio_robot_sikuli\tests\test.robot">
<test id="s1-t1" name="Check the successful sending of the insurance email with valid data" line="10">
<kw name="Given the user opens the trincentis website" library="resource">
<kw name="Load Elements" library="resource">
<kw name="Add Image Path" library="SikuliLibrary">
<arg>C:\\Users\\rafae\\Desktop\\CTD\\Testing\\desafio_robot_sikuli\\resources\\elements</arg>
<doc>Add image path</doc>
<status status="PASS" starttime="20220708 11:39:54.490" endtime="20220708 11:39:54.508"/>
</kw>
<status status="PASS" starttime="20220708 11:39:54.489" endtime="20220708 11:39:54.508"/>
</kw>
<kw name="Click" library="SikuliLibrary">
<arg>chrome.png</arg>
<doc>Click</doc>
<msg timestamp="20220708 11:39:55.742" level="INFO" html="true">&lt;img src='sikuli_captured/sikuliximage-1657291194973.png'/&gt;
[log] CLICK on L[742,1055]@S(0) (554 msec)</msg>
<status status="PASS" starttime="20220708 11:39:54.508" endtime="20220708 11:39:55.743"/>
</kw>
<kw name="Input Text" library="SikuliLibrary">
<arg>google1.png</arg>
<arg>http://sampleapp.tricentis.com/101/app.php</arg>
<doc>Input text.
 Image could be empty</doc>
<msg timestamp="20220708 11:40:00.957" level="INFO">Input Text:
http://sampleapp.tricentis.com/101/app.php</msg>
<msg timestamp="20220708 11:40:00.957" level="INFO" html="true">&lt;img src='sikuli_captured/sikuliximage-1657291197119.png'/&gt;
[log] CLICK on L[346,69]@S(0) (546 msec)
[log]  TYPE "http://sampleapp.tricentis.com/101/app.php"</msg>
<status status="PASS" starttime="20220708 11:39:55.743" endtime="20220708 11:40:00.958"/>
</kw>
<kw name="Press Special Key" library="SikuliLibrary">
<arg>ENTER</arg>
<doc>Press special key
 Presses a special keyboard key.</doc>
<msg timestamp="20220708 11:40:01.037" level="INFO">[log]  TYPE "#ENTER."</msg>
<status status="PASS" starttime="20220708 11:40:00.958" endtime="20220708 11:40:01.037"/>
</kw>
<status status="PASS" starttime="20220708 11:39:54.489" endtime="20220708 11:40:01.037"/>
</kw>
<kw name="When he fills in the form on the “Enter Vehicle Data” tab and press next" library="resource">
<kw name="Click" library="SikuliLibrary">
<arg>make.png</arg>
<doc>Click</doc>
<msg timestamp="20220708 11:40:04.311" level="INFO" html="true">&lt;img src='sikuli_captured/sikuliximage-1657291204149.png'/&gt;</msg>
<msg timestamp="20220708 11:40:04.311" level="FAIL">com.github.rainmanwy.robotframework.sikulilib.exceptions.TimeoutException: Timeout happened, could not find P(make.png) S: 0.699999988079071</msg>
<status status="FAIL" starttime="20220708 11:40:01.039" endtime="20220708 11:40:04.311"/>
</kw>
<kw name="Click" library="SikuliLibrary">
<arg>bmw.png</arg>
<doc>Click</doc>
<status status="NOT RUN" starttime="20220708 11:40:04.312" endtime="20220708 11:40:04.312"/>
</kw>
<kw name="Input Text" library="SikuliLibrary">
<arg>engineperformance.png</arg>
<arg>2000</arg>
<doc>Input text.
 Image could be empty</doc>
<status status="NOT RUN" starttime="20220708 11:40:04.312" endtime="20220708 11:40:04.312"/>
</kw>
<status status="FAIL" starttime="20220708 11:40:01.038" endtime="20220708 11:40:04.312"/>
</kw>
<kw name="And he fills in the form on the “Enter Insurant Data” tab and press next">
<status status="NOT RUN" starttime="20220708 11:40:04.315" endtime="20220708 11:40:04.315"/>
</kw>
<kw name="And he fills in the form on the “Enter Product Data” tab and press next">
<status status="NOT RUN" starttime="20220708 11:40:04.316" endtime="20220708 11:40:04.316"/>
</kw>
<kw name="And he fills in the form on the “Select Price Option” tab and press next">
<status status="NOT RUN" starttime="20220708 11:40:04.318" endtime="20220708 11:40:04.318"/>
</kw>
<kw name="And he fills in the form on the “Send Quote” tab and press send">
<status status="NOT RUN" starttime="20220708 11:40:04.320" endtime="20220708 11:40:04.320"/>
</kw>
<kw name="Then he checks the message “Sending email successfully!” on the screen">
<status status="NOT RUN" starttime="20220708 11:40:04.321" endtime="20220708 11:40:04.321"/>
</kw>
<status status="FAIL" starttime="20220708 11:39:54.487" endtime="20220708 11:40:04.322">com.github.rainmanwy.robotframework.sikulilib.exceptions.TimeoutException: Timeout happened, could not find P(make.png) S: 0.699999988079071</status>
</test>
<kw name="Close Browser" library="resource" type="TEARDOWN">
<kw name="Close Application" library="SikuliLibrary">
<arg>Google Chrome</arg>
<doc>Close application</doc>
<status status="PASS" starttime="20220708 11:40:04.324" endtime="20220708 11:40:05.464"/>
</kw>
<status status="PASS" starttime="20220708 11:40:04.324" endtime="20220708 11:40:05.464"/>
</kw>
<doc>Smoketest</doc>
<status status="FAIL" starttime="20220708 11:39:51.863" endtime="20220708 11:40:05.464"/>
</suite>
<statistics>
<total>
<stat pass="0" fail="1" skip="0">All Tests</stat>
</total>
<tag>
</tag>
<suite>
<stat pass="0" fail="1" skip="0" id="s1" name="Test">Test</stat>
</suite>
</statistics>
<errors>
</errors>
</robot>
